[0.022s] Invoking command in '/home/pet/ROS2_study/my_robot/build/my_robot_description': CMAKE_PREFIX_PATH=${CMAKE_PREFIX_PATH}:/opt/ros/galactic /home/pet/.local/bin/cmake /home/pet/ROS2_study/my_robot/src/my_robot_description -DCMAKE_INSTALL_PREFIX=/home/pet/ROS2_study/my_robot/install/my_robot_description
[0.111s] -- The C compiler identification is GNU 9.4.0
[0.183s] -- The CXX compiler identification is GNU 9.4.0
[0.215s] -- Detecting C compiler ABI info
[0.299s] -- Detecting C compiler ABI info - done
[0.312s] -- Check for working C compiler: /usr/bin/cc - skipped
[0.312s] -- Detecting C compile features
[0.312s] -- Detecting C compile features - done
[0.322s] -- Detecting CXX compiler ABI info
[0.409s] -- Detecting CXX compiler ABI info - done
[0.421s] -- Check for working CXX compiler: /usr/bin/c++ - skipped
[0.421s] -- Detecting CXX compile features
[0.421s] -- Detecting CXX compile features - done
[0.423s] -- Found ament_cmake: 1.1.6 (/opt/ros/galactic/share/ament_cmake/cmake)
[0.426s] [33mCMake Warning (dev) at /opt/ros/galactic/share/ament_cmake_core/cmake/core/python.cmake:22 (find_package):
[0.426s]   Policy CMP0148 is not set: The FindPythonInterp and FindPythonLibs modules
[0.426s]   are removed.  Run "cmake --help-policy CMP0148" for policy details.  Use
[0.426s]   the cmake_policy command to set the policy and suppress this warning.
[0.426s] 
[0.426s] Call Stack (most recent call first):
[0.426s]   /opt/ros/galactic/share/ament_cmake_core/cmake/core/all.cmake:53 (include)
[0.426s]   /opt/ros/galactic/share/ament_cmake_core/cmake/ament_cmake_core-extras.cmake:17 (include)
[0.426s]   /opt/ros/galactic/share/ament_cmake_core/cmake/ament_cmake_coreConfig.cmake:41 (include)
[0.426s]   /opt/ros/galactic/share/ament_cmake/cmake/ament_cmake_export_dependencies-extras.cmake:15 (find_package)
[0.426s]   /opt/ros/galactic/share/ament_cmake/cmake/ament_cmakeConfig.cmake:41 (include)
[0.426s]   CMakeLists.txt:14 (find_package)
[0.426s] This warning is for project developers.  Use -Wno-dev to suppress it.
[0.426s] [0m
[0.449s] -- Found PythonInterp: /usr/bin/python3 (found suitable version "3.8.10", minimum required is "3") 
[0.449s] -- Using PYTHON_EXECUTABLE: /usr/bin/python3
[0.510s] -- Found ament_lint_auto: 0.10.7 (/opt/ros/galactic/share/ament_lint_auto/cmake)
[0.574s] -- Added test 'copyright' to check source files copyright and LICENSE
[0.576s] -- Added test 'flake8' to check Python code syntax and style conventions
[0.576s] -- Added test 'lint_cmake' to check CMake code style
[0.576s] -- Added test 'pep257' to check Python code against some of the style conventions in PEP 257
[0.577s] -- Added test 'xmllint' to check XML markup files
[0.578s] -- Configuring done (0.5s)
[0.580s] -- Generating done (0.0s)
[0.581s] -- Build files have been written to: /home/pet/ROS2_study/my_robot/build/my_robot_description
[0.593s] Invoked command in '/home/pet/ROS2_study/my_robot/build/my_robot_description' returned '0': CMAKE_PREFIX_PATH=${CMAKE_PREFIX_PATH}:/opt/ros/galactic /home/pet/.local/bin/cmake /home/pet/ROS2_study/my_robot/src/my_robot_description -DCMAKE_INSTALL_PREFIX=/home/pet/ROS2_study/my_robot/install/my_robot_description
[0.598s] Invoking command in '/home/pet/ROS2_study/my_robot/build/my_robot_description': CMAKE_PREFIX_PATH=${CMAKE_PREFIX_PATH}:/opt/ros/galactic /home/pet/.local/bin/cmake --build /home/pet/ROS2_study/my_robot/build/my_robot_description -- -j16 -l16
[0.659s] Invoked command in '/home/pet/ROS2_study/my_robot/build/my_robot_description' returned '0': CMAKE_PREFIX_PATH=${CMAKE_PREFIX_PATH}:/opt/ros/galactic /home/pet/.local/bin/cmake --build /home/pet/ROS2_study/my_robot/build/my_robot_description -- -j16 -l16
[0.760s] Invoking command in '/home/pet/ROS2_study/my_robot/build/my_robot_description': CMAKE_PREFIX_PATH=${CMAKE_PREFIX_PATH}:/opt/ros/galactic /home/pet/.local/bin/cmake --install /home/pet/ROS2_study/my_robot/build/my_robot_description
[0.791s] -- Install configuration: ""
[0.791s] -- Installing: /home/pet/ROS2_study/my_robot/install/my_robot_description/share/my_robot_description/rviz
[0.791s] -- Installing: /home/pet/ROS2_study/my_robot/install/my_robot_description/share/my_robot_description/urdf
[0.791s] -- Installing: /home/pet/ROS2_study/my_robot/install/my_robot_description/share/my_robot_description/urdf/robot.urdf.xacro
[0.792s] -- Installing: /home/pet/ROS2_study/my_robot/install/my_robot_description/share/my_robot_description/urdf/gazebo_control.xacro
[0.792s] -- Installing: /home/pet/ROS2_study/my_robot/install/my_robot_description/share/my_robot_description/urdf/inertial_macros.xacro
[0.792s] -- Installing: /home/pet/ROS2_study/my_robot/install/my_robot_description/share/my_robot_description/urdf/robot_core.xacro
[0.792s] -- Installing: /home/pet/ROS2_study/my_robot/install/my_robot_description/share/my_robot_description/urdf/camera.xacro
[0.792s] -- Installing: /home/pet/ROS2_study/my_robot/install/my_robot_description/share/my_robot_description/urdf/lidar.xacro
[0.792s] -- Installing: /home/pet/ROS2_study/my_robot/install/my_robot_description/share/my_robot_description/launch
[0.792s] -- Installing: /home/pet/ROS2_study/my_robot/install/my_robot_description/share/my_robot_description/launch/upload.launch.py
[0.793s] -- Installing: /home/pet/ROS2_study/my_robot/install/my_robot_description/share/my_robot_description/launch/launch_sim.launch.py
[0.793s] -- Installing: /home/pet/ROS2_study/my_robot/install/my_robot_description/share/my_robot_description/launch/display.launch.py
[0.793s] -- Installing: /home/pet/ROS2_study/my_robot/install/my_robot_description/share/my_robot_description/config
[0.793s] -- Installing: /home/pet/ROS2_study/my_robot/install/my_robot_description/share/my_robot_description/config/gaz_ros2_ctl_use_sim.yaml
[0.793s] -- Installing: /home/pet/ROS2_study/my_robot/install/my_robot_description/share/my_robot_description/config/my_controllers.yaml
[0.793s] -- Installing: /home/pet/ROS2_study/my_robot/install/my_robot_description/share/ament_index/resource_index/package_run_dependencies/my_robot_description
[0.793s] -- Installing: /home/pet/ROS2_study/my_robot/install/my_robot_description/share/ament_index/resource_index/parent_prefix_path/my_robot_description
[0.793s] -- Installing: /home/pet/ROS2_study/my_robot/install/my_robot_description/share/my_robot_description/environment/ament_prefix_path.sh
[0.793s] -- Installing: /home/pet/ROS2_study/my_robot/install/my_robot_description/share/my_robot_description/environment/ament_prefix_path.dsv
[0.793s] -- Installing: /home/pet/ROS2_study/my_robot/install/my_robot_description/share/my_robot_description/environment/path.sh
[0.793s] -- Installing: /home/pet/ROS2_study/my_robot/install/my_robot_description/share/my_robot_description/environment/path.dsv
[0.793s] -- Installing: /home/pet/ROS2_study/my_robot/install/my_robot_description/share/my_robot_description/local_setup.bash
[0.793s] -- Installing: /home/pet/ROS2_study/my_robot/install/my_robot_description/share/my_robot_description/local_setup.sh
[0.794s] -- Installing: /home/pet/ROS2_study/my_robot/install/my_robot_description/share/my_robot_description/local_setup.zsh
[0.794s] -- Installing: /home/pet/ROS2_study/my_robot/install/my_robot_description/share/my_robot_description/local_setup.dsv
[0.794s] -- Installing: /home/pet/ROS2_study/my_robot/install/my_robot_description/share/my_robot_description/package.dsv
[0.794s] -- Installing: /home/pet/ROS2_study/my_robot/install/my_robot_description/share/ament_index/resource_index/packages/my_robot_description
[0.794s] -- Installing: /home/pet/ROS2_study/my_robot/install/my_robot_description/share/my_robot_description/cmake/my_robot_descriptionConfig.cmake
[0.794s] -- Installing: /home/pet/ROS2_study/my_robot/install/my_robot_description/share/my_robot_description/cmake/my_robot_descriptionConfig-version.cmake
[0.794s] -- Installing: /home/pet/ROS2_study/my_robot/install/my_robot_description/share/my_robot_description/package.xml
[0.806s] Invoked command in '/home/pet/ROS2_study/my_robot/build/my_robot_description' returned '0': CMAKE_PREFIX_PATH=${CMAKE_PREFIX_PATH}:/opt/ros/galactic /home/pet/.local/bin/cmake --install /home/pet/ROS2_study/my_robot/build/my_robot_description
