[0.014s] Invoking command in '/home/pet/ROS2_study/my_robot/build/my_robot_description': CMAKE_PREFIX_PATH=${CMAKE_PREFIX_PATH}:/opt/ros/galactic /home/pet/.local/bin/cmake --build /home/pet/ROS2_study/my_robot/build/my_robot_description -- -j16 -l16
[0.071s] Invoked command in '/home/pet/ROS2_study/my_robot/build/my_robot_description' returned '0': CMAKE_PREFIX_PATH=${CMAKE_PREFIX_PATH}:/opt/ros/galactic /home/pet/.local/bin/cmake --build /home/pet/ROS2_study/my_robot/build/my_robot_description -- -j16 -l16
[0.175s] Invoking command in '/home/pet/ROS2_study/my_robot/build/my_robot_description': CMAKE_PREFIX_PATH=${CMAKE_PREFIX_PATH}:/opt/ros/galactic /home/pet/.local/bin/cmake --install /home/pet/ROS2_study/my_robot/build/my_robot_description
[0.207s] -- Install configuration: ""
[0.207s] -- Up-to-date: /home/pet/ROS2_study/my_robot/install/my_robot_description/share/my_robot_description/rviz
[0.208s] -- Installing: /home/pet/ROS2_study/my_robot/install/my_robot_description/share/my_robot_description/rviz/urdf_config.rviz
[0.208s] -- Up-to-date: /home/pet/ROS2_study/my_robot/install/my_robot_description/share/my_robot_description/urdf
[0.208s] -- Up-to-date: /home/pet/ROS2_study/my_robot/install/my_robot_description/share/my_robot_description/urdf/robot.urdf.xacro
[0.208s] -- Up-to-date: /home/pet/ROS2_study/my_robot/install/my_robot_description/share/my_robot_description/urdf/gazebo_control.xacro
[0.208s] -- Up-to-date: /home/pet/ROS2_study/my_robot/install/my_robot_description/share/my_robot_description/urdf/inertial_macros.xacro
[0.208s] -- Up-to-date: /home/pet/ROS2_study/my_robot/install/my_robot_description/share/my_robot_description/urdf/robot_core.xacro
[0.208s] -- Up-to-date: /home/pet/ROS2_study/my_robot/install/my_robot_description/share/my_robot_description/urdf/camera.xacro
[0.208s] -- Up-to-date: /home/pet/ROS2_study/my_robot/install/my_robot_description/share/my_robot_description/urdf/lidar.xacro
[0.208s] -- Up-to-date: /home/pet/ROS2_study/my_robot/install/my_robot_description/share/my_robot_description/launch
[0.209s] -- Up-to-date: /home/pet/ROS2_study/my_robot/install/my_robot_description/share/my_robot_description/launch/upload.launch.py
[0.209s] -- Up-to-date: /home/pet/ROS2_study/my_robot/install/my_robot_description/share/my_robot_description/launch/launch_sim.launch.py
[0.209s] -- Up-to-date: /home/pet/ROS2_study/my_robot/install/my_robot_description/share/my_robot_description/launch/display.launch.py
[0.209s] -- Up-to-date: /home/pet/ROS2_study/my_robot/install/my_robot_description/share/my_robot_description/config
[0.209s] -- Up-to-date: /home/pet/ROS2_study/my_robot/install/my_robot_description/share/my_robot_description/config/gaz_ros2_ctl_use_sim.yaml
[0.209s] -- Up-to-date: /home/pet/ROS2_study/my_robot/install/my_robot_description/share/my_robot_description/config/my_controllers.yaml
[0.209s] -- Up-to-date: /home/pet/ROS2_study/my_robot/install/my_robot_description/share/ament_index/resource_index/package_run_dependencies/my_robot_description
[0.209s] -- Up-to-date: /home/pet/ROS2_study/my_robot/install/my_robot_description/share/ament_index/resource_index/parent_prefix_path/my_robot_description
[0.209s] -- Up-to-date: /home/pet/ROS2_study/my_robot/install/my_robot_description/share/my_robot_description/environment/ament_prefix_path.sh
[0.209s] -- Up-to-date: /home/pet/ROS2_study/my_robot/install/my_robot_description/share/my_robot_description/environment/ament_prefix_path.dsv
[0.209s] -- Up-to-date: /home/pet/ROS2_study/my_robot/install/my_robot_description/share/my_robot_description/environment/path.sh
[0.209s] -- Up-to-date: /home/pet/ROS2_study/my_robot/install/my_robot_description/share/my_robot_description/environment/path.dsv
[0.209s] -- Up-to-date: /home/pet/ROS2_study/my_robot/install/my_robot_description/share/my_robot_description/local_setup.bash
[0.209s] -- Up-to-date: /home/pet/ROS2_study/my_robot/install/my_robot_description/share/my_robot_description/local_setup.sh
[0.209s] -- Up-to-date: /home/pet/ROS2_study/my_robot/install/my_robot_description/share/my_robot_description/local_setup.zsh
[0.209s] -- Up-to-date: /home/pet/ROS2_study/my_robot/install/my_robot_description/share/my_robot_description/local_setup.dsv
[0.209s] -- Installing: /home/pet/ROS2_study/my_robot/install/my_robot_description/share/my_robot_description/package.dsv
[0.209s] -- Up-to-date: /home/pet/ROS2_study/my_robot/install/my_robot_description/share/ament_index/resource_index/packages/my_robot_description
[0.209s] -- Up-to-date: /home/pet/ROS2_study/my_robot/install/my_robot_description/share/my_robot_description/cmake/my_robot_descriptionConfig.cmake
[0.209s] -- Up-to-date: /home/pet/ROS2_study/my_robot/install/my_robot_description/share/my_robot_description/cmake/my_robot_descriptionConfig-version.cmake
[0.209s] -- Up-to-date: /home/pet/ROS2_study/my_robot/install/my_robot_description/share/my_robot_description/package.xml
[0.214s] Invoked command in '/home/pet/ROS2_study/my_robot/build/my_robot_description' returned '0': CMAKE_PREFIX_PATH=${CMAKE_PREFIX_PATH}:/opt/ros/galactic /home/pet/.local/bin/cmake --install /home/pet/ROS2_study/my_robot/build/my_robot_description
