-- Install configuration: ""
-- Up-to-date: /home/pet/ROS2_study/my_robot/install/my_robot_description/share/my_robot_description/rviz
-- Up-to-date: /home/pet/ROS2_study/my_robot/install/my_robot_description/share/my_robot_description/rviz/urdf_config.rviz
-- Up-to-date: /home/pet/ROS2_study/my_robot/install/my_robot_description/share/my_robot_description/urdf
-- Up-to-date: /home/pet/ROS2_study/my_robot/install/my_robot_description/share/my_robot_description/urdf/robot.urdf.xacro
-- Up-to-date: /home/pet/ROS2_study/my_robot/install/my_robot_description/share/my_robot_description/urdf/gazebo_control.xacro
-- Up-to-date: /home/pet/ROS2_study/my_robot/install/my_robot_description/share/my_robot_description/urdf/inertial_macros.xacro
-- Up-to-date: /home/pet/ROS2_study/my_robot/install/my_robot_description/share/my_robot_description/urdf/robot_core.xacro
-- Up-to-date: /home/pet/ROS2_study/my_robot/install/my_robot_description/share/my_robot_description/urdf/camera.xacro
-- Up-to-date: /home/pet/ROS2_study/my_robot/install/my_robot_description/share/my_robot_description/urdf/lidar.xacro
-- Up-to-date: /home/pet/ROS2_study/my_robot/install/my_robot_description/share/my_robot_description/launch
-- Up-to-date: /home/pet/ROS2_study/my_robot/install/my_robot_description/share/my_robot_description/launch/upload.launch.py
-- Up-to-date: /home/pet/ROS2_study/my_robot/install/my_robot_description/share/my_robot_description/launch/launch_sim.launch.py
-- Installing: /home/pet/ROS2_study/my_robot/install/my_robot_description/share/my_robot_description/launch/display.launch.py
-- Up-to-date: /home/pet/ROS2_study/my_robot/install/my_robot_description/share/my_robot_description/config
-- Up-to-date: /home/pet/ROS2_study/my_robot/install/my_robot_description/share/my_robot_description/config/gaz_ros2_ctl_use_sim.yaml
-- Up-to-date: /home/pet/ROS2_study/my_robot/install/my_robot_description/share/my_robot_description/config/my_controllers.yaml
-- Up-to-date: /home/pet/ROS2_study/my_robot/install/my_robot_description/share/ament_index/resource_index/package_run_dependencies/my_robot_description
-- Up-to-date: /home/pet/ROS2_study/my_robot/install/my_robot_description/share/ament_index/resource_index/parent_prefix_path/my_robot_description
-- Up-to-date: /home/pet/ROS2_study/my_robot/install/my_robot_description/share/my_robot_description/environment/ament_prefix_path.sh
-- Up-to-date: /home/pet/ROS2_study/my_robot/install/my_robot_description/share/my_robot_description/environment/ament_prefix_path.dsv
-- Up-to-date: /home/pet/ROS2_study/my_robot/install/my_robot_description/share/my_robot_description/environment/path.sh
-- Up-to-date: /home/pet/ROS2_study/my_robot/install/my_robot_description/share/my_robot_description/environment/path.dsv
-- Up-to-date: /home/pet/ROS2_study/my_robot/install/my_robot_description/share/my_robot_description/local_setup.bash
-- Up-to-date: /home/pet/ROS2_study/my_robot/install/my_robot_description/share/my_robot_description/local_setup.sh
-- Up-to-date: /home/pet/ROS2_study/my_robot/install/my_robot_description/share/my_robot_description/local_setup.zsh
-- Up-to-date: /home/pet/ROS2_study/my_robot/install/my_robot_description/share/my_robot_description/local_setup.dsv
-- Installing: /home/pet/ROS2_study/my_robot/install/my_robot_description/share/my_robot_description/package.dsv
-- Up-to-date: /home/pet/ROS2_study/my_robot/install/my_robot_description/share/ament_index/resource_index/packages/my_robot_description
-- Up-to-date: /home/pet/ROS2_study/my_robot/install/my_robot_description/share/my_robot_description/cmake/my_robot_descriptionConfig.cmake
-- Up-to-date: /home/pet/ROS2_study/my_robot/install/my_robot_description/share/my_robot_description/cmake/my_robot_descriptionConfig-version.cmake
-- Up-to-date: /home/pet/ROS2_study/my_robot/install/my_robot_description/share/my_robot_description/package.xml
